<?xml version="1.0" encoding="UTF-8"?>
<!-- Generated by org.testng.reporters.JUnitReportReporter -->
<testsuite ignored="0" hostname="LAPTOP-L2UC04HQ" failures="0" tests="1" name="com.freecrm.testcases.LoginTestCRM" time="2.525" errors="0" timestamp="30 Mar 2022 22:26:44 GMT" skipped="0">
  <testcase classname="com.freecrm.testcases.LoginTestCRM" name="loginApp" time="2.525"/>
</testsuite> <!-- com.freecrm.testcases.LoginTestCRM -->
